<?xml version="1.0" encoding="UTF-8"?>
<!-- Generated by org.testng.reporters.JUnitXMLReporter -->
<testsuite ignored="0" hostname="DESKTOP-6VOIP5G" failures="0" tests="3" name="Default test" time="3.958" errors="0" timestamp="2023-02-17T15:41:53 EST">
  <testcase classname="testScripts.AddCustomer" name="addCustomerTest" time="1.584"/>
  <testcase classname="testScripts.AddCustomer" name="addCustomerTest" time="0.33"/>
  <testcase classname="testScripts.AddCustomer" name="addCustomerTest" time="0.317"/>
</testsuite> <!-- Default test -->
