<?xml version="1.0" encoding="UTF-8"?>
<!-- Generated by org.testng.reporters.JUnitXMLReporter -->
<testsuite ignored="0" hostname="DESKTOP-6VOIP5G" failures="1" tests="1" name="Add Customer" time="3.305" errors="0" timestamp="2023-02-16T15:03:04 EST">
  <testcase classname="testScripts.AddCustomer" name="addCustomerTest" time="0.831">
    <failure type="java.lang.AssertionError" message="expected [true] but found [false]">
      <![CDATA[java.lang.AssertionError: expected [true] but found [false]
at testScripts.AddCustomer.addCustomerTest(AddCustomer.java:39)
at java.base/java.util.ArrayList.forEach(ArrayList.java:1511)
... Removed 31 stack frames]]>
    </failure>
  </testcase> <!-- addCustomerTest -->
</testsuite> <!-- Add Customer -->
