<?xml version="1.0" encoding="UTF-8"?>
<!-- Generated by org.testng.reporters.JUnitXMLReporter -->
<testsuite ignored="0" hostname="DESKTOP-6VOIP5G" failures="0" tests="3" name="AddCustomer" time="3.681" errors="0" timestamp="2023-02-17T15:46:28 EST">
  <testcase classname="testScripts.AddCustomer" name="addCustomerTest" time="1.387"/>
  <testcase classname="testScripts.AddCustomer" name="addCustomerTest" time="0.336"/>
  <testcase classname="testScripts.AddCustomer" name="addCustomerTest" time="0.313"/>
</testsuite> <!-- AddCustomer -->
