<?xml version="1.0" encoding="UTF-8"?>
<testng-results ignored="0" total="2" passed="2" failed="0" skipped="0">
  <reporter-output>
  </reporter-output>
  <suite started-at="2023-02-16T15:24:55 EST" name="testScripts.LoginTest" finished-at="2023-02-16T15:24:58 EST" duration-ms="2573">
    <groups>
    </groups>
    <test started-at="2023-02-16T15:24:55 EST" name="Command line test" finished-at="2023-02-16T15:24:58 EST" duration-ms="2573">
      <class name="testScripts.LoginTest">
        <test-method is-config="true" signature="setup()[pri:0, instance:testScripts.LoginTest@341b80b2]" started-at="2023-02-16T15:24:55 EST" name="setup" finished-at="2023-02-16T15:24:56 EST" duration-ms="912" status="PASS">
          <reporter-output>
          </reporter-output>
        </test-method> <!-- setup -->
        <test-method is-config="true" signature="initalizePages()[pri:0, instance:testScripts.LoginTest@341b80b2]" started-at="2023-02-16T15:24:57 EST" name="initalizePages" finished-at="2023-02-16T15:24:57 EST" duration-ms="16" status="PASS">
          <reporter-output>
          </reporter-output>
        </test-method> <!-- initalizePages -->
        <test-method signature="loginTest(java.lang.String,java.lang.String,java.lang.String,java.lang.String)[pri:0, instance:testScripts.LoginTest@341b80b2]" started-at="2023-02-16T15:24:57 EST" name="loginTest" data-provider="LoginTestData" finished-at="2023-02-16T15:24:58 EST" duration-ms="1095" status="PASS">
          <params>
            <param index="0">
              <value>
                <![CDATA[LoginTest1]]>
              </value>
            </param>
            <param index="1">
              <value>
                <![CDATA[Yes]]>
              </value>
            </param>
            <param index="2">
              <value>
                <![CDATA[No]]>
              </value>
            </param>
            <param index="3">
              <value>
                <![CDATA[Harry Potter]]>
              </value>
            </param>
          </params>
          <reporter-output>
          </reporter-output>
        </test-method> <!-- loginTest -->
        <test-method is-config="true" signature="initalizePages()[pri:0, instance:testScripts.LoginTest@341b80b2]" started-at="2023-02-16T15:24:58 EST" name="initalizePages" finished-at="2023-02-16T15:24:58 EST" duration-ms="1" status="PASS">
          <reporter-output>
          </reporter-output>
        </test-method> <!-- initalizePages -->
        <test-method signature="loginTest(java.lang.String,java.lang.String,java.lang.String,java.lang.String)[pri:0, instance:testScripts.LoginTest@341b80b2]" started-at="2023-02-16T15:24:58 EST" name="loginTest" data-provider="LoginTestData" finished-at="2023-02-16T15:24:58 EST" duration-ms="61" status="PASS">
          <params>
            <param index="0">
              <value>
                <![CDATA[LoginTest2]]>
              </value>
            </param>
            <param index="1">
              <value>
                <![CDATA[Yes]]>
              </value>
            </param>
            <param index="2">
              <value>
                <![CDATA[Yes]]>
              </value>
            </param>
            <param index="3">
              <value>
                <![CDATA[N/A]]>
              </value>
            </param>
          </params>
          <reporter-output>
          </reporter-output>
        </test-method> <!-- loginTest -->
        <test-method is-config="true" signature="tearDown()[pri:0, instance:testScripts.LoginTest@341b80b2]" started-at="2023-02-16T15:24:58 EST" name="tearDown" finished-at="2023-02-16T15:24:58 EST" duration-ms="71" status="PASS">
          <reporter-output>
          </reporter-output>
        </test-method> <!-- tearDown -->
      </class> <!-- testScripts.LoginTest -->
    </test> <!-- Command line test -->
  </suite> <!-- testScripts.LoginTest -->
</testng-results>
