<?xml version="1.0" encoding="UTF-8"?>
<testng-results ignored="0" total="2" passed="2" failed="0" skipped="0">
  <reporter-output>
  </reporter-output>
  <suite started-at="2023-02-16T15:23:43 EST" name="LoginSuite" finished-at="2023-02-16T15:23:46 EST" duration-ms="2759">
    <groups>
    </groups>
    <test started-at="2023-02-16T15:23:43 EST" name="LoginTest" finished-at="2023-02-16T15:23:46 EST" duration-ms="2759">
      <class name="testScripts.LoginTest">
        <test-method is-config="true" signature="setup()[pri:0, instance:testScripts.LoginTest@55b7a4e0]" started-at="2023-02-16T15:23:43 EST" name="setup" finished-at="2023-02-16T15:23:44 EST" duration-ms="839" status="PASS">
          <reporter-output>
          </reporter-output>
        </test-method> <!-- setup -->
        <test-method is-config="true" signature="initalizePages()[pri:0, instance:testScripts.LoginTest@55b7a4e0]" started-at="2023-02-16T15:23:45 EST" name="initalizePages" finished-at="2023-02-16T15:23:45 EST" duration-ms="15" status="PASS">
          <reporter-output>
          </reporter-output>
        </test-method> <!-- initalizePages -->
        <test-method signature="loginTest(java.lang.String,java.lang.String,java.lang.String,java.lang.String)[pri:0, instance:testScripts.LoginTest@55b7a4e0]" started-at="2023-02-16T15:23:45 EST" name="loginTest" data-provider="LoginTestData" finished-at="2023-02-16T15:23:46 EST" duration-ms="1268" status="PASS">
          <params>
            <param index="0">
              <value>
                <![CDATA[LoginTest1]]>
              </value>
            </param>
            <param index="1">
              <value>
                <![CDATA[Yes]]>
              </value>
            </param>
            <param index="2">
              <value>
                <![CDATA[No]]>
              </value>
            </param>
            <param index="3">
              <value>
                <![CDATA[Harry Potter]]>
              </value>
            </param>
          </params>
          <reporter-output>
          </reporter-output>
        </test-method> <!-- loginTest -->
        <test-method is-config="true" signature="initalizePages()[pri:0, instance:testScripts.LoginTest@55b7a4e0]" started-at="2023-02-16T15:23:46 EST" name="initalizePages" finished-at="2023-02-16T15:23:46 EST" duration-ms="0" status="PASS">
          <reporter-output>
          </reporter-output>
        </test-method> <!-- initalizePages -->
        <test-method signature="loginTest(java.lang.String,java.lang.String,java.lang.String,java.lang.String)[pri:0, instance:testScripts.LoginTest@55b7a4e0]" started-at="2023-02-16T15:23:46 EST" name="loginTest" data-provider="LoginTestData" finished-at="2023-02-16T15:23:46 EST" duration-ms="56" status="PASS">
          <params>
            <param index="0">
              <value>
                <![CDATA[LoginTest2]]>
              </value>
            </param>
            <param index="1">
              <value>
                <![CDATA[Yes]]>
              </value>
            </param>
            <param index="2">
              <value>
                <![CDATA[Yes]]>
              </value>
            </param>
            <param index="3">
              <value>
                <![CDATA[N/A]]>
              </value>
            </param>
          </params>
          <reporter-output>
          </reporter-output>
        </test-method> <!-- loginTest -->
        <test-method is-config="true" signature="tearDown()[pri:0, instance:testScripts.LoginTest@55b7a4e0]" started-at="2023-02-16T15:23:46 EST" name="tearDown" finished-at="2023-02-16T15:23:46 EST" duration-ms="85" status="PASS">
          <reporter-output>
          </reporter-output>
        </test-method> <!-- tearDown -->
      </class> <!-- testScripts.LoginTest -->
    </test> <!-- LoginTest -->
  </suite> <!-- LoginSuite -->
</testng-results>
